INFO:     Started server process [32110]
INFO:     Waiting for application startup.
INFO:     Application startup complete.
INFO:     Uvicorn running on http://127.0.0.1:8000 (Press CTRL+C to quit)

[API] Incoming REFRESH request for: ar1870@srmist.edu.in
  -> [SESSION] Injected existing cookies from frontend.
  -> [NETWORK] GET /srm_university/academia-academic-services/page/My_Attendance
INFO:     127.0.0.1:50694 - "POST /refresh HTTP/1.1" 200 OK

[API] Incoming REFRESH request for: ar1870@srmist.edu.in
  -> [SESSION] Injected existing cookies from frontend.
  -> [NETWORK] GET /srm_university/academia-academic-services/page/My_Attendance
INFO:     127.0.0.1:35984 - "POST /refresh HTTP/1.1" 200 OK

[API] Incoming REFRESH request for: ar1870@srmist.edu.in
  -> [SESSION] Injected existing cookies from frontend.
  -> [NETWORK] GET /srm_university/academia-academic-services/page/My_Attendance
INFO:     127.0.0.1:35984 - "POST /refresh HTTP/1.1" 200 OK

[API] Incoming REFRESH request for: ar1870@srmist.edu.in
  -> [SESSION] Injected existing cookies from frontend.
  -> [NETWORK] GET /srm_university/academia-academic-services/page/My_Attendance
INFO:     127.0.0.1:36684 - "POST /refresh HTTP/1.1" 200 OK

[API] Incoming REFRESH request for: ar1870@srmist.edu.in
  -> [SESSION] Injected existing cookies from frontend.
  -> [NETWORK] GET /srm_university/academia-academic-services/page/My_Attendance
INFO:     127.0.0.1:54858 - "POST /refresh HTTP/1.1" 200 OK

[API] Incoming REFRESH request for: ar1870@srmist.edu.in
  -> [SESSION] Injected existing cookies from frontend.
  -> [NETWORK] GET /srm_university/academia-academic-services/page/My_Attendance
INFO:     127.0.0.1:54858 - "POST /refresh HTTP/1.1" 200 OK

[API] Incoming REFRESH request for: ar1870@srmist.edu.in
  -> [SESSION] Injected existing cookies from frontend.
  -> [NETWORK] GET /srm_university/academia-academic-services/page/My_Attendance

[API] Incoming REFRESH request for: ar1870@srmist.edu.in
  -> [SESSION] Injected existing cookies from frontend.
  -> [NETWORK] GET /srm_university/academia-academic-services/page/My_Attendance
INFO:     127.0.0.1:53420 - "POST /refresh HTTP/1.1" 200 OK
INFO:     Shutting down
INFO:     Waiting for connections to close. (CTRL+C to force quit)
INFO:     127.0.0.1:53428 - "POST /refresh HTTP/1.1" 200 OK
INFO:     Waiting for application shutdown.
INFO:     Application shutdown complete.
INFO:     Finished server process [32110]
